2023-08-20 16:24:50,479 [Worker-0: Loading available Gradle versions] INFO  o.e.b.c.i.u.g.PublishedGradleVersions - Gradle version information cache is up-to-date. Trying to read.
2023-08-20 16:28:47,233 [Worker-8: Creating project "ShopmeProject"] INFO  o.e.m.c.i.l.LifecycleMappingFactory - Using NULL lifecycle mapping for MavenProject: com.shopme:ShopmeProject:0.0.1-SNAPSHOT @ E:\Git\ShopmeEcommerce\ShopmeProject\pom.xml.
2023-08-20 16:36:14,185 [Worker-11: Import Getting Started Content] INFO  o.e.m.c.i.l.LifecycleMappingFactory - Using org.eclipse.m2e.jdt.JarLifecycleMapping lifecycle mapping for MavenProject: com.shopme:ShopmeCommon:0.0.1-SNAPSHOT @ E:\Git\ShopmeEcommerce\ShopmeProject\ShopmeCommon\pom.xml.
2023-08-20 16:36:15,259 [Worker-11: Import Getting Started Content] INFO  o.e.m.c.i.e.AbstractTransferListenerAdapter - Downloading https://repo.maven.apache.org/maven2/org/springframework/data/spring-data-jpa/3.1.2/spring-data-jpa-3.1.2.pom
2023-08-20 16:36:15,413 [Worker-11: Import Getting Started Content] INFO  o.e.m.c.i.e.AbstractTransferListenerAdapter - Downloaded https://repo.maven.apache.org/maven2/org/springframework/data/spring-data-jpa/3.1.2/spring-data-jpa-3.1.2.pom
2023-08-20 16:36:15,598 [Worker-11: Import Getting Started Content] INFO  o.e.m.c.i.e.AbstractTransferListenerAdapter - Downloading https://repo.maven.apache.org/maven2/io/micrometer/micrometer-tracing-bom/1.0.8/micrometer-tracing-bom-1.0.8.pom
2023-08-20 16:36:15,694 [Worker-11: Import Getting Started Content] INFO  o.e.m.c.i.e.AbstractTransferListenerAdapter - Downloaded https://repo.maven.apache.org/maven2/io/micrometer/micrometer-tracing-bom/1.0.8/micrometer-tracing-bom-1.0.8.pom
2023-08-20 16:36:15,805 [Worker-11: Import Getting Started Content] INFO  o.e.m.c.i.e.AbstractTransferListenerAdapter - Downloading https://repo.maven.apache.org/maven2/org/springframework/data/spring-data-commons/3.1.2/spring-data-commons-3.1.2.pom
2023-08-20 16:36:15,968 [Worker-11: Import Getting Started Content] INFO  o.e.m.c.i.e.AbstractTransferListenerAdapter - Downloaded https://repo.maven.apache.org/maven2/org/springframework/data/spring-data-commons/3.1.2/spring-data-commons-3.1.2.pom
2023-08-20 16:36:16,102 [Worker-11: Import Getting Started Content] INFO  o.e.m.c.i.e.AbstractTransferListenerAdapter - Downloading https://repo.maven.apache.org/maven2/org/springframework/spring-orm/6.0.11/spring-orm-6.0.11.pom
2023-08-20 16:36:16,244 [Worker-11: Import Getting Started Content] INFO  o.e.m.c.i.e.AbstractTransferListenerAdapter - Downloaded https://repo.maven.apache.org/maven2/org/springframework/spring-orm/6.0.11/spring-orm-6.0.11.pom
2023-08-20 16:36:17,500 [AetherRepositoryConnector-repo.maven.apache.org-0-1] INFO  o.e.m.c.i.e.AbstractTransferListenerAdapter - Downloading https://repo.maven.apache.org/maven2/org/springframework/boot/spring-boot-starter-aop/3.1.2/spring-boot-starter-aop-3.1.2.jar
2023-08-20 16:36:17,512 [AetherRepositoryConnector-repo.maven.apache.org-0-0] INFO  o.e.m.c.i.e.AbstractTransferListenerAdapter - Downloading https://repo.maven.apache.org/maven2/org/springframework/boot/spring-boot-starter-data-jpa/3.1.2/spring-boot-starter-data-jpa-3.1.2.jar
2023-08-20 16:36:17,515 [AetherRepositoryConnector-repo.maven.apache.org-0-4] INFO  o.e.m.c.i.e.AbstractTransferListenerAdapter - Downloading https://repo.maven.apache.org/maven2/org/springframework/data/spring-data-commons/3.1.2/spring-data-commons-3.1.2.jar
2023-08-20 16:36:17,549 [AetherRepositoryConnector-repo.maven.apache.org-0-2] INFO  o.e.m.c.i.e.AbstractTransferListenerAdapter - Downloading https://repo.maven.apache.org/maven2/org/hibernate/orm/hibernate-core/6.2.6.Final/hibernate-core-6.2.6.Final.jar
2023-08-20 16:36:17,554 [AetherRepositoryConnector-repo.maven.apache.org-0-3] INFO  o.e.m.c.i.e.AbstractTransferListenerAdapter - Downloading https://repo.maven.apache.org/maven2/org/springframework/data/spring-data-jpa/3.1.2/spring-data-jpa-3.1.2.jar
2023-08-20 16:36:17,983 [AetherRepositoryConnector-repo.maven.apache.org-0-0] INFO  o.e.m.c.i.e.AbstractTransferListenerAdapter - Downloaded https://repo.maven.apache.org/maven2/org/springframework/boot/spring-boot-starter-data-jpa/3.1.2/spring-boot-starter-data-jpa-3.1.2.jar
2023-08-20 16:36:17,989 [AetherRepositoryConnector-repo.maven.apache.org-0-1] INFO  o.e.m.c.i.e.AbstractTransferListenerAdapter - Downloaded https://repo.maven.apache.org/maven2/org/springframework/boot/spring-boot-starter-aop/3.1.2/spring-boot-starter-aop-3.1.2.jar
2023-08-20 16:36:18,112 [AetherRepositoryConnector-repo.maven.apache.org-0-0] INFO  o.e.m.c.i.e.AbstractTransferListenerAdapter - Downloading https://repo.maven.apache.org/maven2/org/springframework/spring-orm/6.0.11/spring-orm-6.0.11.jar
2023-08-20 16:36:18,717 [AetherRepositoryConnector-repo.maven.apache.org-0-0] INFO  o.e.m.c.i.e.AbstractTransferListenerAdapter - Downloaded https://repo.maven.apache.org/maven2/org/springframework/spring-orm/6.0.11/spring-orm-6.0.11.jar
2023-08-20 16:36:19,054 [AetherRepositoryConnector-repo.maven.apache.org-0-3] INFO  o.e.m.c.i.e.AbstractTransferListenerAdapter - Downloaded https://repo.maven.apache.org/maven2/org/springframework/data/spring-data-jpa/3.1.2/spring-data-jpa-3.1.2.jar
2023-08-20 16:36:19,140 [AetherRepositoryConnector-repo.maven.apache.org-0-4] INFO  o.e.m.c.i.e.AbstractTransferListenerAdapter - Downloaded https://repo.maven.apache.org/maven2/org/springframework/data/spring-data-commons/3.1.2/spring-data-commons-3.1.2.jar
2023-08-20 16:36:22,412 [AetherRepositoryConnector-repo.maven.apache.org-0-2] INFO  o.e.m.c.i.e.AbstractTransferListenerAdapter - Downloaded https://repo.maven.apache.org/maven2/org/hibernate/orm/hibernate-core/6.2.6.Final/hibernate-core-6.2.6.Final.jar
2023-08-20 16:36:24,479 [Worker-11: Import Getting Started Content] INFO  o.e.m.j.i.AbstractJavaProjectConfigurator - Adding source folder /ShopmeCommon/src/main/java
2023-08-20 16:36:24,479 [Worker-11: Import Getting Started Content] INFO  o.e.m.j.i.AbstractJavaProjectConfigurator - Adding resource folder /ShopmeCommon/src/main/resources
2023-08-20 16:36:24,491 [Worker-11: Import Getting Started Content] INFO  o.e.m.j.i.AbstractJavaProjectConfigurator - Adding resource folder /ShopmeCommon/src/main/resources
2023-08-20 16:36:24,501 [Worker-11: Import Getting Started Content] INFO  o.e.m.j.i.AbstractJavaProjectConfigurator - Adding source folder /ShopmeCommon/src/test/java
2023-08-20 16:36:24,983 [Worker-0: Download sources and javadoc] INFO  o.e.m.c.i.e.AbstractTransferListenerAdapter - Downloading https://repo.maven.apache.org/maven2/org/springframework/boot/spring-boot-starter-data-jpa/3.1.2/spring-boot-starter-data-jpa-3.1.2-sources.jar
2023-08-20 16:36:25,124 [Worker-0: Download sources and javadoc] INFO  o.e.m.c.i.e.AbstractTransferListenerAdapter - Downloaded https://repo.maven.apache.org/maven2/org/springframework/boot/spring-boot-starter-data-jpa/3.1.2/spring-boot-starter-data-jpa-3.1.2-sources.jar
2023-08-20 16:36:25,141 [Worker-0: Download sources and javadoc] INFO  o.e.m.j.internal.DownloadSourcesJob - Downloaded sources for org.springframework.boot:spring-boot-starter-data-jpa:3.1.2
2023-08-20 16:36:25,219 [Worker-0: Download sources and javadoc] INFO  o.e.m.c.i.e.AbstractTransferListenerAdapter - Downloading https://repo.maven.apache.org/maven2/org/springframework/boot/spring-boot-starter-aop/3.1.2/spring-boot-starter-aop-3.1.2-sources.jar
2023-08-20 16:36:25,312 [Worker-0: Download sources and javadoc] INFO  o.e.m.c.i.e.AbstractTransferListenerAdapter - Downloaded https://repo.maven.apache.org/maven2/org/springframework/boot/spring-boot-starter-aop/3.1.2/spring-boot-starter-aop-3.1.2-sources.jar
2023-08-20 16:36:25,323 [Worker-0: Download sources and javadoc] INFO  o.e.m.j.internal.DownloadSourcesJob - Downloaded sources for org.springframework.boot:spring-boot-starter-aop:3.1.2
2023-08-20 16:36:25,424 [Worker-0: Download sources and javadoc] INFO  o.e.m.c.i.e.AbstractTransferListenerAdapter - Downloading https://repo.maven.apache.org/maven2/org/springframework/spring-aop/6.0.11/spring-aop-6.0.11-sources.jar
2023-08-20 16:36:25,580 [Worker-0: Download sources and javadoc] INFO  o.e.m.c.i.e.AbstractTransferListenerAdapter - Downloaded https://repo.maven.apache.org/maven2/org/springframework/spring-aop/6.0.11/spring-aop-6.0.11-sources.jar
2023-08-20 16:36:25,589 [Worker-0: Download sources and javadoc] INFO  o.e.m.j.internal.DownloadSourcesJob - Downloaded sources for org.springframework:spring-aop:6.0.11
2023-08-20 16:36:25,710 [Worker-0: Download sources and javadoc] INFO  o.e.m.c.i.e.AbstractTransferListenerAdapter - Downloading https://repo.maven.apache.org/maven2/org/springframework/boot/spring-boot-starter-jdbc/3.1.2/spring-boot-starter-jdbc-3.1.2-sources.jar
2023-08-20 16:36:25,899 [Worker-0: Download sources and javadoc] INFO  o.e.m.c.i.e.AbstractTransferListenerAdapter - Downloaded https://repo.maven.apache.org/maven2/org/springframework/boot/spring-boot-starter-jdbc/3.1.2/spring-boot-starter-jdbc-3.1.2-sources.jar
2023-08-20 16:36:25,916 [Worker-0: Download sources and javadoc] INFO  o.e.m.j.internal.DownloadSourcesJob - Downloaded sources for org.springframework.boot:spring-boot-starter-jdbc:3.1.2
2023-08-20 16:36:26,012 [Worker-0: Download sources and javadoc] INFO  o.e.m.c.i.e.AbstractTransferListenerAdapter - Downloading https://repo.maven.apache.org/maven2/org/springframework/spring-jdbc/6.0.11/spring-jdbc-6.0.11-sources.jar
2023-08-20 16:36:26,136 [Worker-0: Download sources and javadoc] INFO  o.e.m.c.i.e.AbstractTransferListenerAdapter - Downloaded https://repo.maven.apache.org/maven2/org/springframework/spring-jdbc/6.0.11/spring-jdbc-6.0.11-sources.jar
2023-08-20 16:36:26,148 [Worker-0: Download sources and javadoc] INFO  o.e.m.j.internal.DownloadSourcesJob - Downloaded sources for org.springframework:spring-jdbc:6.0.11
2023-08-20 16:36:26,305 [Worker-0: Download sources and javadoc] INFO  o.e.m.c.i.e.AbstractTransferListenerAdapter - Downloading https://repo.maven.apache.org/maven2/org/hibernate/orm/hibernate-core/6.2.6.Final/hibernate-core-6.2.6.Final-sources.jar
2023-08-20 16:36:27,584 [Worker-0: Download sources and javadoc] INFO  o.e.m.c.i.e.AbstractTransferListenerAdapter - Downloaded https://repo.maven.apache.org/maven2/org/hibernate/orm/hibernate-core/6.2.6.Final/hibernate-core-6.2.6.Final-sources.jar
2023-08-20 16:36:27,598 [Worker-0: Download sources and javadoc] INFO  o.e.m.j.internal.DownloadSourcesJob - Downloaded sources for org.hibernate.orm:hibernate-core:6.2.6.Final
2023-08-20 16:36:27,679 [Worker-0: Download sources and javadoc] INFO  o.e.m.c.i.e.AbstractTransferListenerAdapter - Downloading https://repo.maven.apache.org/maven2/org/jboss/logging/jboss-logging/3.5.3.Final/jboss-logging-3.5.3.Final-sources.jar
2023-08-20 16:36:28,203 [Worker-0: Download sources and javadoc] INFO  o.e.m.c.i.e.AbstractTransferListenerAdapter - Downloaded https://repo.maven.apache.org/maven2/org/jboss/logging/jboss-logging/3.5.3.Final/jboss-logging-3.5.3.Final-sources.jar
2023-08-20 16:36:28,216 [Worker-0: Download sources and javadoc] INFO  o.e.m.j.internal.DownloadSourcesJob - Downloaded sources for org.jboss.logging:jboss-logging:3.5.3.Final
2023-08-20 16:36:28,282 [Worker-0: Download sources and javadoc] INFO  o.e.m.c.i.e.AbstractTransferListenerAdapter - Downloading https://repo.maven.apache.org/maven2/org/springframework/data/spring-data-jpa/3.1.2/spring-data-jpa-3.1.2-sources.jar
2023-08-20 16:36:28,434 [Worker-0: Download sources and javadoc] INFO  o.e.m.c.i.e.AbstractTransferListenerAdapter - Downloaded https://repo.maven.apache.org/maven2/org/springframework/data/spring-data-jpa/3.1.2/spring-data-jpa-3.1.2-sources.jar
2023-08-20 16:36:28,445 [Worker-0: Download sources and javadoc] INFO  o.e.m.j.internal.DownloadSourcesJob - Downloaded sources for org.springframework.data:spring-data-jpa:3.1.2
2023-08-20 16:36:28,509 [Worker-0: Download sources and javadoc] INFO  o.e.m.c.i.e.AbstractTransferListenerAdapter - Downloading https://repo.maven.apache.org/maven2/org/springframework/data/spring-data-commons/3.1.2/spring-data-commons-3.1.2-sources.jar
2023-08-20 16:36:28,751 [Worker-0: Download sources and javadoc] INFO  o.e.m.c.i.e.AbstractTransferListenerAdapter - Downloaded https://repo.maven.apache.org/maven2/org/springframework/data/spring-data-commons/3.1.2/spring-data-commons-3.1.2-sources.jar
2023-08-20 16:36:28,766 [Worker-0: Download sources and javadoc] INFO  o.e.m.j.internal.DownloadSourcesJob - Downloaded sources for org.springframework.data:spring-data-commons:3.1.2
2023-08-20 16:36:28,878 [Worker-0: Download sources and javadoc] INFO  o.e.m.c.i.e.AbstractTransferListenerAdapter - Downloading https://repo.maven.apache.org/maven2/org/springframework/spring-orm/6.0.11/spring-orm-6.0.11-sources.jar
2023-08-20 16:36:28,975 [Worker-0: Download sources and javadoc] INFO  o.e.m.c.i.e.AbstractTransferListenerAdapter - Downloaded https://repo.maven.apache.org/maven2/org/springframework/spring-orm/6.0.11/spring-orm-6.0.11-sources.jar
2023-08-20 16:36:28,985 [Worker-0: Download sources and javadoc] INFO  o.e.m.j.internal.DownloadSourcesJob - Downloaded sources for org.springframework:spring-orm:6.0.11
2023-08-20 16:36:29,079 [Worker-0: Download sources and javadoc] INFO  o.e.m.c.i.e.AbstractTransferListenerAdapter - Downloading https://repo.maven.apache.org/maven2/org/springframework/spring-context/6.0.11/spring-context-6.0.11-sources.jar
2023-08-20 16:36:29,566 [Worker-0: Download sources and javadoc] INFO  o.e.m.c.i.e.AbstractTransferListenerAdapter - Downloaded https://repo.maven.apache.org/maven2/org/springframework/spring-context/6.0.11/spring-context-6.0.11-sources.jar
2023-08-20 16:36:29,595 [Worker-0: Download sources and javadoc] INFO  o.e.m.j.internal.DownloadSourcesJob - Downloaded sources for org.springframework:spring-context:6.0.11
2023-08-20 16:36:29,733 [Worker-0: Download sources and javadoc] INFO  o.e.m.c.i.e.AbstractTransferListenerAdapter - Downloading https://repo.maven.apache.org/maven2/org/springframework/spring-expression/6.0.11/spring-expression-6.0.11-sources.jar
2023-08-20 16:36:29,909 [Worker-0: Download sources and javadoc] INFO  o.e.m.c.i.e.AbstractTransferListenerAdapter - Downloaded https://repo.maven.apache.org/maven2/org/springframework/spring-expression/6.0.11/spring-expression-6.0.11-sources.jar
2023-08-20 16:36:29,930 [Worker-0: Download sources and javadoc] INFO  o.e.m.j.internal.DownloadSourcesJob - Downloaded sources for org.springframework:spring-expression:6.0.11
2023-08-20 16:36:30,094 [Worker-0: Download sources and javadoc] INFO  o.e.m.c.i.e.AbstractTransferListenerAdapter - Downloading https://repo.maven.apache.org/maven2/org/springframework/spring-tx/6.0.11/spring-tx-6.0.11-sources.jar
2023-08-20 16:36:30,395 [Worker-0: Download sources and javadoc] INFO  o.e.m.c.i.e.AbstractTransferListenerAdapter - Downloaded https://repo.maven.apache.org/maven2/org/springframework/spring-tx/6.0.11/spring-tx-6.0.11-sources.jar
2023-08-20 16:36:30,419 [Worker-0: Download sources and javadoc] INFO  o.e.m.j.internal.DownloadSourcesJob - Downloaded sources for org.springframework:spring-tx:6.0.11
2023-08-20 16:36:30,563 [Worker-0: Download sources and javadoc] INFO  o.e.m.c.i.e.AbstractTransferListenerAdapter - Downloading https://repo.maven.apache.org/maven2/org/springframework/spring-beans/6.0.11/spring-beans-6.0.11-sources.jar
2023-08-20 16:36:31,154 [Worker-0: Download sources and javadoc] INFO  o.e.m.c.i.e.AbstractTransferListenerAdapter - Downloaded https://repo.maven.apache.org/maven2/org/springframework/spring-beans/6.0.11/spring-beans-6.0.11-sources.jar
2023-08-20 16:36:31,171 [Worker-0: Download sources and javadoc] INFO  o.e.m.j.internal.DownloadSourcesJob - Downloaded sources for org.springframework:spring-beans:6.0.11
2023-08-20 16:36:31,302 [Worker-0: Download sources and javadoc] INFO  o.e.m.c.i.e.AbstractTransferListenerAdapter - Downloading https://repo.maven.apache.org/maven2/org/springframework/spring-aspects/6.0.11/spring-aspects-6.0.11-sources.jar
2023-08-20 16:36:32,715 [Worker-11: Import Getting Started Content] INFO  o.e.m.c.i.p.ProjectConfigurationManager - Imported and configured 1 project(s) in 25 sec
2023-08-20 16:36:32,735 [Worker-11: Import Getting Started Content] INFO  o.e.m.c.i.p.ProjectConfigurationManager - Update started
2023-08-20 16:36:33,615 [Worker-0: Download sources and javadoc] INFO  o.e.m.c.i.e.AbstractTransferListenerAdapter - Downloaded https://repo.maven.apache.org/maven2/org/springframework/spring-aspects/6.0.11/spring-aspects-6.0.11-sources.jar
2023-08-20 16:36:33,635 [Worker-0: Download sources and javadoc] INFO  o.e.m.j.internal.DownloadSourcesJob - Downloaded sources for org.springframework:spring-aspects:6.0.11
2023-08-20 16:36:35,969 [Worker-0: Download sources and javadoc] INFO  o.e.m.c.i.e.AbstractTransferListenerAdapter - Downloading https://repo.maven.apache.org/maven2/org/springframework/boot/spring-boot-starter-test/3.1.2/spring-boot-starter-test-3.1.2-sources.jar
2023-08-20 16:36:36,159 [Worker-11: Import Getting Started Content] INFO  o.e.m.c.i.l.LifecycleMappingFactory - Using org.eclipse.m2e.jdt.JarLifecycleMapping lifecycle mapping for MavenProject: com.shopme:ShopmeCommon:0.0.1-SNAPSHOT @ E:\Git\ShopmeEcommerce\ShopmeProject\ShopmeCommon\pom.xml.
2023-08-20 16:36:36,311 [Worker-0: Download sources and javadoc] INFO  o.e.m.c.i.e.AbstractTransferListenerAdapter - Downloaded https://repo.maven.apache.org/maven2/org/springframework/boot/spring-boot-starter-test/3.1.2/spring-boot-starter-test-3.1.2-sources.jar
2023-08-20 16:36:36,335 [Worker-0: Download sources and javadoc] INFO  o.e.m.j.internal.DownloadSourcesJob - Downloaded sources for org.springframework.boot:spring-boot-starter-test:3.1.2
2023-08-20 16:36:36,485 [Worker-0: Download sources and javadoc] INFO  o.e.m.c.i.e.AbstractTransferListenerAdapter - Downloading https://repo.maven.apache.org/maven2/org/springframework/boot/spring-boot-starter/3.1.2/spring-boot-starter-3.1.2-sources.jar
2023-08-20 16:36:36,764 [Worker-0: Download sources and javadoc] INFO  o.e.m.c.i.e.AbstractTransferListenerAdapter - Downloaded https://repo.maven.apache.org/maven2/org/springframework/boot/spring-boot-starter/3.1.2/spring-boot-starter-3.1.2-sources.jar
2023-08-20 16:36:36,787 [Worker-0: Download sources and javadoc] INFO  o.e.m.j.internal.DownloadSourcesJob - Downloaded sources for org.springframework.boot:spring-boot-starter:3.1.2
2023-08-20 16:36:36,970 [Worker-0: Download sources and javadoc] INFO  o.e.m.c.i.e.AbstractTransferListenerAdapter - Downloading https://repo.maven.apache.org/maven2/org/springframework/boot/spring-boot/3.1.2/spring-boot-3.1.2-sources.jar
2023-08-20 16:36:37,571 [Worker-0: Download sources and javadoc] INFO  o.e.m.c.i.e.AbstractTransferListenerAdapter - Downloaded https://repo.maven.apache.org/maven2/org/springframework/boot/spring-boot/3.1.2/spring-boot-3.1.2-sources.jar
2023-08-20 16:36:37,594 [Worker-0: Download sources and javadoc] INFO  o.e.m.j.internal.DownloadSourcesJob - Downloaded sources for org.springframework.boot:spring-boot:3.1.2
2023-08-20 16:36:37,726 [Worker-0: Download sources and javadoc] INFO  o.e.m.c.i.e.AbstractTransferListenerAdapter - Downloading https://repo.maven.apache.org/maven2/org/springframework/boot/spring-boot-autoconfigure/3.1.2/spring-boot-autoconfigure-3.1.2-sources.jar
2023-08-20 16:36:38,172 [Worker-0: Download sources and javadoc] INFO  o.e.m.c.i.e.AbstractTransferListenerAdapter - Downloaded https://repo.maven.apache.org/maven2/org/springframework/boot/spring-boot-autoconfigure/3.1.2/spring-boot-autoconfigure-3.1.2-sources.jar
2023-08-20 16:36:38,193 [Worker-0: Download sources and javadoc] INFO  o.e.m.j.internal.DownloadSourcesJob - Downloaded sources for org.springframework.boot:spring-boot-autoconfigure:3.1.2
2023-08-20 16:36:38,324 [Worker-0: Download sources and javadoc] INFO  o.e.m.c.i.e.AbstractTransferListenerAdapter - Downloading https://repo.maven.apache.org/maven2/org/springframework/boot/spring-boot-starter-logging/3.1.2/spring-boot-starter-logging-3.1.2-sources.jar
2023-08-20 16:36:38,703 [Worker-0: Download sources and javadoc] INFO  o.e.m.c.i.e.AbstractTransferListenerAdapter - Downloaded https://repo.maven.apache.org/maven2/org/springframework/boot/spring-boot-starter-logging/3.1.2/spring-boot-starter-logging-3.1.2-sources.jar
2023-08-20 16:36:38,725 [Worker-0: Download sources and javadoc] INFO  o.e.m.j.internal.DownloadSourcesJob - Downloaded sources for org.springframework.boot:spring-boot-starter-logging:3.1.2
2023-08-20 16:36:38,843 [Worker-0: Download sources and javadoc] INFO  o.e.m.c.i.e.AbstractTransferListenerAdapter - Downloading https://repo.maven.apache.org/maven2/org/springframework/boot/spring-boot-test/3.1.2/spring-boot-test-3.1.2-sources.jar
2023-08-20 16:36:39,134 [Worker-0: Download sources and javadoc] INFO  o.e.m.c.i.e.AbstractTransferListenerAdapter - Downloaded https://repo.maven.apache.org/maven2/org/springframework/boot/spring-boot-test/3.1.2/spring-boot-test-3.1.2-sources.jar
2023-08-20 16:36:39,158 [Worker-0: Download sources and javadoc] INFO  o.e.m.j.internal.DownloadSourcesJob - Downloaded sources for org.springframework.boot:spring-boot-test:3.1.2
2023-08-20 16:36:39,283 [Worker-0: Download sources and javadoc] INFO  o.e.m.c.i.e.AbstractTransferListenerAdapter - Downloading https://repo.maven.apache.org/maven2/org/springframework/boot/spring-boot-test-autoconfigure/3.1.2/spring-boot-test-autoconfigure-3.1.2-sources.jar
2023-08-20 16:36:39,437 [Worker-11: Import Getting Started Content] INFO  o.e.m.j.i.AbstractJavaProjectConfigurator - Adding source folder /ShopmeCommon/src/main/java
2023-08-20 16:36:39,439 [Worker-11: Import Getting Started Content] INFO  o.e.m.j.i.AbstractJavaProjectConfigurator - Adding resource folder /ShopmeCommon/src/main/resources
2023-08-20 16:36:39,442 [Worker-11: Import Getting Started Content] INFO  o.e.m.j.i.AbstractJavaProjectConfigurator - Adding resource folder /ShopmeCommon/src/main/resources
2023-08-20 16:36:39,444 [Worker-11: Import Getting Started Content] INFO  o.e.m.j.i.AbstractJavaProjectConfigurator - Adding source folder /ShopmeCommon/src/test/java
2023-08-20 16:36:39,655 [Worker-0: Download sources and javadoc] INFO  o.e.m.c.i.e.AbstractTransferListenerAdapter - Downloaded https://repo.maven.apache.org/maven2/org/springframework/boot/spring-boot-test-autoconfigure/3.1.2/spring-boot-test-autoconfigure-3.1.2-sources.jar
2023-08-20 16:36:39,675 [Worker-0: Download sources and javadoc] INFO  o.e.m.j.internal.DownloadSourcesJob - Downloaded sources for org.springframework.boot:spring-boot-test-autoconfigure:3.1.2
2023-08-20 16:36:39,822 [Worker-0: Download sources and javadoc] INFO  o.e.m.c.i.e.AbstractTransferListenerAdapter - Downloading https://repo.maven.apache.org/maven2/org/springframework/spring-core/6.0.11/spring-core-6.0.11-sources.jar
2023-08-20 16:36:40,348 [Worker-0: Download sources and javadoc] INFO  o.e.m.c.i.e.AbstractTransferListenerAdapter - Downloaded https://repo.maven.apache.org/maven2/org/springframework/spring-core/6.0.11/spring-core-6.0.11-sources.jar
2023-08-20 16:36:40,368 [Worker-0: Download sources and javadoc] INFO  o.e.m.j.internal.DownloadSourcesJob - Downloaded sources for org.springframework:spring-core:6.0.11
2023-08-20 16:36:40,500 [Worker-0: Download sources and javadoc] INFO  o.e.m.c.i.e.AbstractTransferListenerAdapter - Downloading https://repo.maven.apache.org/maven2/org/springframework/spring-jcl/6.0.11/spring-jcl-6.0.11-sources.jar
2023-08-20 16:36:41,150 [Worker-0: Download sources and javadoc] INFO  o.e.m.c.i.e.AbstractTransferListenerAdapter - Downloaded https://repo.maven.apache.org/maven2/org/springframework/spring-jcl/6.0.11/spring-jcl-6.0.11-sources.jar
2023-08-20 16:36:41,169 [Worker-0: Download sources and javadoc] INFO  o.e.m.j.internal.DownloadSourcesJob - Downloaded sources for org.springframework:spring-jcl:6.0.11
2023-08-20 16:36:41,305 [Worker-0: Download sources and javadoc] INFO  o.e.m.c.i.e.AbstractTransferListenerAdapter - Downloading https://repo.maven.apache.org/maven2/org/springframework/spring-test/6.0.11/spring-test-6.0.11-sources.jar
2023-08-20 16:36:41,664 [Worker-0: Download sources and javadoc] INFO  o.e.m.c.i.e.AbstractTransferListenerAdapter - Downloaded https://repo.maven.apache.org/maven2/org/springframework/spring-test/6.0.11/spring-test-6.0.11-sources.jar
2023-08-20 16:36:41,685 [Worker-0: Download sources and javadoc] INFO  o.e.m.j.internal.DownloadSourcesJob - Downloaded sources for org.springframework:spring-test:6.0.11
2023-08-20 16:36:43,086 [Worker-11: Import Getting Started Content] INFO  o.e.m.c.i.p.ProjectConfigurationManager - Update completed for 1 poms: local refresh takes 0.00 sec, refresh facades takes 6.00 sec, update config takes 2.00 sec 
2023-08-20 16:36:44,287 [Worker-19: Updating Maven Project] INFO  o.e.m.c.i.p.ProjectConfigurationManager - Update started
2023-08-20 16:36:45,948 [Worker-19: Updating Maven Project] INFO  o.e.m.c.i.l.LifecycleMappingFactory - Using org.eclipse.m2e.jdt.JarLifecycleMapping lifecycle mapping for MavenProject: com.shopme:ShopmeCommon:0.0.1-SNAPSHOT @ E:\Git\ShopmeEcommerce\ShopmeProject\ShopmeCommon\pom.xml.
2023-08-20 16:36:47,677 [Worker-19: Updating Maven Project] INFO  o.e.m.j.i.AbstractJavaProjectConfigurator - Adding source folder /ShopmeCommon/src/main/java
2023-08-20 16:36:47,677 [Worker-19: Updating Maven Project] INFO  o.e.m.j.i.AbstractJavaProjectConfigurator - Adding resource folder /ShopmeCommon/src/main/resources
2023-08-20 16:36:47,677 [Worker-19: Updating Maven Project] INFO  o.e.m.j.i.AbstractJavaProjectConfigurator - Adding resource folder /ShopmeCommon/src/main/resources
2023-08-20 16:36:47,680 [Worker-19: Updating Maven Project] INFO  o.e.m.j.i.AbstractJavaProjectConfigurator - Adding source folder /ShopmeCommon/src/test/java
2023-08-20 16:36:48,634 [Worker-19: Updating Maven Project] INFO  o.e.m.c.i.p.ProjectConfigurationManager - Update completed for 1 poms: local refresh takes 0.00 sec, refresh facades takes 3.00 sec, update config takes 0.00 sec 
2023-08-20 16:44:17,385 [Worker-21: Building] INFO  o.e.m.c.i.l.LifecycleMappingFactory - Using NULL lifecycle mapping for MavenProject: com.shopme:ShopmeProject:0.0.1-SNAPSHOT @ E:\Git\ShopmeEcommerce\ShopmeProject\pom.xml.
2023-08-20 16:47:32,046 [Worker-27: Building] INFO  o.e.m.c.i.l.LifecycleMappingFactory - Using org.eclipse.m2e.jdt.JarLifecycleMapping lifecycle mapping for MavenProject: com.shopme:ShopmeCommon:0.0.1-SNAPSHOT @ E:\Git\ShopmeEcommerce\ShopmeProject\ShopmeCommon\pom.xml.
2023-08-20 16:47:33,231 [Worker-27: Building] INFO  o.a.m.s.f.DefaultMavenResourcesFiltering - Copying 0 resource from src\main\resources to target\classes
2023-08-20 16:47:33,233 [Worker-27: Building] INFO  o.a.m.s.f.DefaultMavenResourcesFiltering - Copying 0 resource from src\main\resources to target\classes
2023-08-20 16:47:33,248 [Worker-27: Building] INFO  o.a.m.s.f.DefaultMavenResourcesFiltering - skip non existing resourceDirectory E:\Git\ShopmeEcommerce\ShopmeProject\ShopmeCommon\src\test\resources
2023-08-20 16:47:36,164 [Worker-25: Building] INFO  o.a.m.s.f.DefaultMavenResourcesFiltering - Copying 1 resource from src\main\resources to target\classes
2023-08-20 16:47:36,181 [Worker-25: Building] INFO  o.a.m.s.f.DefaultMavenResourcesFiltering - Copying 0 resource from src\main\resources to target\classes
2023-08-20 16:47:36,183 [Worker-25: Building] INFO  o.a.m.s.f.DefaultMavenResourcesFiltering - skip non existing resourceDirectory E:\Git\ShopmeEcommerce\ShopmeProject\ShopmeCommon\src\test\resources
2023-08-20 16:48:31,462 [Worker-29: Building] INFO  o.e.m.c.i.l.LifecycleMappingFactory - Using org.eclipse.m2e.jdt.JarLifecycleMapping lifecycle mapping for MavenProject: com.shopme:ShopmeCommon:0.0.1-SNAPSHOT @ E:\Git\ShopmeEcommerce\ShopmeProject\ShopmeCommon\pom.xml.
2023-08-20 16:48:33,069 [Worker-29: Building] INFO  o.a.m.s.f.DefaultMavenResourcesFiltering - Copying 0 resource from src\main\resources to target\classes
2023-08-20 16:48:33,070 [Worker-29: Building] INFO  o.a.m.s.f.DefaultMavenResourcesFiltering - Copying 0 resource from src\main\resources to target\classes
2023-08-20 16:48:33,074 [Worker-29: Building] INFO  o.a.m.s.f.DefaultMavenResourcesFiltering - skip non existing resourceDirectory E:\Git\ShopmeEcommerce\ShopmeProject\ShopmeCommon\src\test\resources
2023-08-20 16:55:21,062 [Worker-27: Import Getting Started Content] INFO  o.e.m.c.i.l.LifecycleMappingFactory - Using org.eclipse.m2e.jdt.JarLifecycleMapping lifecycle mapping for MavenProject: com.shopme:ShopmeWebParent:0.0.1-SNAPSHOT @ E:\Git\ShopmeEcommerce\ShopmeProject\ShopmeWebParent\pom.xml.
2023-08-20 16:55:23,333 [Worker-27: Import Getting Started Content] INFO  o.e.m.j.i.AbstractJavaProjectConfigurator - Adding source folder /ShopmeWebParent/src/main/java
2023-08-20 16:55:23,334 [Worker-27: Import Getting Started Content] INFO  o.e.m.j.i.AbstractJavaProjectConfigurator - Adding resource folder /ShopmeWebParent/src/main/resources
2023-08-20 16:55:23,344 [Worker-27: Import Getting Started Content] INFO  o.e.m.j.i.AbstractJavaProjectConfigurator - Adding resource folder /ShopmeWebParent/src/main/resources
2023-08-20 16:55:23,353 [Worker-27: Import Getting Started Content] INFO  o.e.m.j.i.AbstractJavaProjectConfigurator - Adding source folder /ShopmeWebParent/src/test/java
2023-08-20 16:55:24,228 [Worker-30: Download sources and javadoc] INFO  o.e.m.c.i.e.AbstractTransferListenerAdapter - Downloading https://repo.maven.apache.org/maven2/org/springframework/boot/spring-boot-starter-web/3.1.2/spring-boot-starter-web-3.1.2-sources.jar
2023-08-20 16:55:24,633 [Worker-30: Download sources and javadoc] INFO  o.e.m.c.i.e.AbstractTransferListenerAdapter - Downloaded https://repo.maven.apache.org/maven2/org/springframework/boot/spring-boot-starter-web/3.1.2/spring-boot-starter-web-3.1.2-sources.jar
2023-08-20 16:55:24,654 [Worker-30: Download sources and javadoc] INFO  o.e.m.j.internal.DownloadSourcesJob - Downloaded sources for org.springframework.boot:spring-boot-starter-web:3.1.2
2023-08-20 16:55:24,777 [Worker-30: Download sources and javadoc] INFO  o.e.m.c.i.e.AbstractTransferListenerAdapter - Downloading https://repo.maven.apache.org/maven2/org/springframework/boot/spring-boot-starter-json/3.1.2/spring-boot-starter-json-3.1.2-sources.jar
2023-08-20 16:55:25,185 [Worker-30: Download sources and javadoc] INFO  o.e.m.c.i.e.AbstractTransferListenerAdapter - Downloaded https://repo.maven.apache.org/maven2/org/springframework/boot/spring-boot-starter-json/3.1.2/spring-boot-starter-json-3.1.2-sources.jar
2023-08-20 16:55:25,205 [Worker-30: Download sources and javadoc] INFO  o.e.m.j.internal.DownloadSourcesJob - Downloaded sources for org.springframework.boot:spring-boot-starter-json:3.1.2
2023-08-20 16:55:25,303 [Worker-30: Download sources and javadoc] INFO  o.e.m.c.i.e.AbstractTransferListenerAdapter - Downloading https://repo.maven.apache.org/maven2/org/springframework/boot/spring-boot-starter-tomcat/3.1.2/spring-boot-starter-tomcat-3.1.2-sources.jar
2023-08-20 16:55:25,559 [Worker-30: Download sources and javadoc] INFO  o.e.m.c.i.e.AbstractTransferListenerAdapter - Downloaded https://repo.maven.apache.org/maven2/org/springframework/boot/spring-boot-starter-tomcat/3.1.2/spring-boot-starter-tomcat-3.1.2-sources.jar
2023-08-20 16:55:25,579 [Worker-30: Download sources and javadoc] INFO  o.e.m.j.internal.DownloadSourcesJob - Downloaded sources for org.springframework.boot:spring-boot-starter-tomcat:3.1.2
2023-08-20 16:55:25,678 [Worker-30: Download sources and javadoc] INFO  o.e.m.c.i.e.AbstractTransferListenerAdapter - Downloading https://repo.maven.apache.org/maven2/org/apache/tomcat/embed/tomcat-embed-core/10.1.11/tomcat-embed-core-10.1.11-sources.jar
2023-08-20 16:55:26,410 [Worker-27: Import Getting Started Content] INFO  o.e.m.c.i.p.ProjectConfigurationManager - Imported and configured 1 project(s) in 6 sec
2023-08-20 16:55:26,420 [Worker-27: Import Getting Started Content] INFO  o.e.m.c.i.p.ProjectConfigurationManager - Update started
2023-08-20 16:55:26,694 [Worker-30: Download sources and javadoc] INFO  o.e.m.c.i.e.AbstractTransferListenerAdapter - Downloaded https://repo.maven.apache.org/maven2/org/apache/tomcat/embed/tomcat-embed-core/10.1.11/tomcat-embed-core-10.1.11-sources.jar
2023-08-20 16:55:26,717 [Worker-30: Download sources and javadoc] INFO  o.e.m.j.internal.DownloadSourcesJob - Downloaded sources for org.apache.tomcat.embed:tomcat-embed-core:10.1.11
2023-08-20 16:55:28,915 [Worker-30: Download sources and javadoc] INFO  o.e.m.c.i.e.AbstractTransferListenerAdapter - Downloading https://repo.maven.apache.org/maven2/org/apache/tomcat/embed/tomcat-embed-el/10.1.11/tomcat-embed-el-10.1.11-sources.jar
2023-08-20 16:55:29,326 [Worker-27: Import Getting Started Content] INFO  o.e.m.c.i.l.LifecycleMappingFactory - Using org.eclipse.m2e.jdt.JarLifecycleMapping lifecycle mapping for MavenProject: com.shopme:ShopmeWebParent:0.0.1-SNAPSHOT @ E:\Git\ShopmeEcommerce\ShopmeProject\ShopmeWebParent\pom.xml.
2023-08-20 16:55:30,071 [Worker-30: Download sources and javadoc] INFO  o.e.m.c.i.e.AbstractTransferListenerAdapter - Downloaded https://repo.maven.apache.org/maven2/org/apache/tomcat/embed/tomcat-embed-el/10.1.11/tomcat-embed-el-10.1.11-sources.jar
2023-08-20 16:55:30,095 [Worker-30: Download sources and javadoc] INFO  o.e.m.j.internal.DownloadSourcesJob - Downloaded sources for org.apache.tomcat.embed:tomcat-embed-el:10.1.11
2023-08-20 16:55:30,314 [Worker-30: Download sources and javadoc] INFO  o.e.m.c.i.e.AbstractTransferListenerAdapter - Downloading https://repo.maven.apache.org/maven2/org/apache/tomcat/embed/tomcat-embed-websocket/10.1.11/tomcat-embed-websocket-10.1.11-sources.jar
2023-08-20 16:55:30,590 [Worker-30: Download sources and javadoc] INFO  o.e.m.c.i.e.AbstractTransferListenerAdapter - Downloaded https://repo.maven.apache.org/maven2/org/apache/tomcat/embed/tomcat-embed-websocket/10.1.11/tomcat-embed-websocket-10.1.11-sources.jar
2023-08-20 16:55:30,612 [Worker-30: Download sources and javadoc] INFO  o.e.m.j.internal.DownloadSourcesJob - Downloaded sources for org.apache.tomcat.embed:tomcat-embed-websocket:10.1.11
2023-08-20 16:55:30,725 [Worker-30: Download sources and javadoc] INFO  o.e.m.c.i.e.AbstractTransferListenerAdapter - Downloading https://repo.maven.apache.org/maven2/org/springframework/spring-web/6.0.11/spring-web-6.0.11-sources.jar
2023-08-20 16:55:31,408 [Worker-30: Download sources and javadoc] INFO  o.e.m.c.i.e.AbstractTransferListenerAdapter - Downloaded https://repo.maven.apache.org/maven2/org/springframework/spring-web/6.0.11/spring-web-6.0.11-sources.jar
2023-08-20 16:55:31,434 [Worker-30: Download sources and javadoc] INFO  o.e.m.j.internal.DownloadSourcesJob - Downloaded sources for org.springframework:spring-web:6.0.11
2023-08-20 16:55:31,544 [Worker-30: Download sources and javadoc] INFO  o.e.m.c.i.e.AbstractTransferListenerAdapter - Downloading https://repo.maven.apache.org/maven2/io/micrometer/micrometer-observation/1.11.2/micrometer-observation-1.11.2-sources.jar
2023-08-20 16:55:31,809 [Worker-30: Download sources and javadoc] INFO  o.e.m.c.i.e.AbstractTransferListenerAdapter - Downloaded https://repo.maven.apache.org/maven2/io/micrometer/micrometer-observation/1.11.2/micrometer-observation-1.11.2-sources.jar
2023-08-20 16:55:31,832 [Worker-30: Download sources and javadoc] INFO  o.e.m.j.internal.DownloadSourcesJob - Downloaded sources for io.micrometer:micrometer-observation:1.11.2
2023-08-20 16:55:31,946 [Worker-30: Download sources and javadoc] INFO  o.e.m.c.i.e.AbstractTransferListenerAdapter - Downloading https://repo.maven.apache.org/maven2/io/micrometer/micrometer-commons/1.11.2/micrometer-commons-1.11.2-sources.jar
2023-08-20 16:55:32,472 [Worker-27: Import Getting Started Content] INFO  o.e.m.j.i.AbstractJavaProjectConfigurator - Adding source folder /ShopmeWebParent/src/main/java
2023-08-20 16:55:32,474 [Worker-27: Import Getting Started Content] INFO  o.e.m.j.i.AbstractJavaProjectConfigurator - Adding resource folder /ShopmeWebParent/src/main/resources
2023-08-20 16:55:32,477 [Worker-27: Import Getting Started Content] INFO  o.e.m.j.i.AbstractJavaProjectConfigurator - Adding resource folder /ShopmeWebParent/src/main/resources
2023-08-20 16:55:32,480 [Worker-27: Import Getting Started Content] INFO  o.e.m.j.i.AbstractJavaProjectConfigurator - Adding source folder /ShopmeWebParent/src/test/java
2023-08-20 16:55:34,094 [Worker-30: Download sources and javadoc] INFO  o.e.m.c.i.e.AbstractTransferListenerAdapter - Downloaded https://repo.maven.apache.org/maven2/io/micrometer/micrometer-commons/1.11.2/micrometer-commons-1.11.2-sources.jar
2023-08-20 16:55:34,114 [Worker-30: Download sources and javadoc] INFO  o.e.m.j.internal.DownloadSourcesJob - Downloaded sources for io.micrometer:micrometer-commons:1.11.2
2023-08-20 16:55:34,289 [Worker-30: Download sources and javadoc] INFO  o.e.m.c.i.e.AbstractTransferListenerAdapter - Downloading https://repo.maven.apache.org/maven2/org/springframework/spring-webmvc/6.0.11/spring-webmvc-6.0.11-sources.jar
2023-08-20 16:55:34,739 [Worker-27: Import Getting Started Content] INFO  o.e.m.c.i.p.ProjectConfigurationManager - Update completed for 1 poms: local refresh takes 0.00 sec, refresh facades takes 5.00 sec, update config takes 1.00 sec 
2023-08-20 16:55:34,844 [Worker-30: Download sources and javadoc] INFO  o.e.m.c.i.e.AbstractTransferListenerAdapter - Downloaded https://repo.maven.apache.org/maven2/org/springframework/spring-webmvc/6.0.11/spring-webmvc-6.0.11-sources.jar
2023-08-20 16:55:34,867 [Worker-30: Download sources and javadoc] INFO  o.e.m.j.internal.DownloadSourcesJob - Downloaded sources for org.springframework:spring-webmvc:6.0.11
2023-08-20 16:59:28,289 [Worker-37: Building] INFO  o.e.m.c.i.l.LifecycleMappingFactory - Using org.eclipse.m2e.jdt.JarLifecycleMapping lifecycle mapping for MavenProject: com.shopme:ShopmeWebParent:0.0.1-SNAPSHOT @ E:\Git\ShopmeEcommerce\ShopmeProject\ShopmeWebParent\pom.xml.
2023-08-20 16:59:29,131 [Worker-37: Building] INFO  o.a.m.s.f.DefaultMavenResourcesFiltering - Copying 0 resource from src\main\resources to target\classes
2023-08-20 16:59:29,133 [Worker-37: Building] INFO  o.a.m.s.f.DefaultMavenResourcesFiltering - Copying 0 resource from src\main\resources to target\classes
2023-08-20 16:59:29,146 [Worker-37: Building] INFO  o.a.m.s.f.DefaultMavenResourcesFiltering - skip non existing resourceDirectory E:\Git\ShopmeEcommerce\ShopmeProject\ShopmeWebParent\src\test\resources
2023-08-20 17:03:36,767 [Worker-39: Building] INFO  o.e.m.c.i.l.LifecycleMappingFactory - Using NULL lifecycle mapping for MavenProject: com.shopme:ShopmeProject:0.0.1-SNAPSHOT @ E:\Git\ShopmeEcommerce\ShopmeProject\pom.xml.
2023-08-20 17:04:23,784 [Worker-40: Building] INFO  o.a.m.s.f.DefaultMavenResourcesFiltering - Copying 1 resource from src\main\resources to target\classes
2023-08-20 17:04:23,859 [Worker-40: Building] INFO  o.a.m.s.f.DefaultMavenResourcesFiltering - Copying 0 resource from src\main\resources to target\classes
2023-08-20 17:04:23,875 [Worker-40: Building] INFO  o.a.m.s.f.DefaultMavenResourcesFiltering - skip non existing resourceDirectory E:\Git\ShopmeEcommerce\ShopmeProject\ShopmeWebParent\src\test\resources
2023-08-20 17:04:46,234 [Worker-41: Building] INFO  o.a.m.s.f.DefaultMavenResourcesFiltering - Copying 1 resource from src\main\resources to target\classes
2023-08-20 17:04:46,240 [Worker-41: Building] INFO  o.a.m.s.f.DefaultMavenResourcesFiltering - Copying 0 resource from src\main\resources to target\classes
2023-08-20 17:04:46,253 [Worker-41: Building] INFO  o.a.m.s.f.DefaultMavenResourcesFiltering - skip non existing resourceDirectory E:\Git\ShopmeEcommerce\ShopmeProject\ShopmeWebParent\src\test\resources
2023-08-20 17:05:07,492 [Worker-42: Building] INFO  o.a.m.s.f.DefaultMavenResourcesFiltering - Copying 0 resource from src\main\resources to target\classes
2023-08-20 17:05:07,493 [Worker-42: Building] INFO  o.a.m.s.f.DefaultMavenResourcesFiltering - Copying 0 resource from src\main\resources to target\classes
2023-08-20 17:05:07,502 [Worker-42: Building] INFO  o.a.m.s.f.DefaultMavenResourcesFiltering - skip non existing resourceDirectory E:\Git\ShopmeEcommerce\ShopmeProject\ShopmeWebParent\src\test\resources
2023-08-20 17:05:54,811 [Worker-39: Building] INFO  o.a.m.s.f.DefaultMavenResourcesFiltering - Copying 0 resource from src\main\resources to target\classes
2023-08-20 17:05:54,813 [Worker-39: Building] INFO  o.a.m.s.f.DefaultMavenResourcesFiltering - Copying 0 resource from src\main\resources to target\classes
2023-08-20 17:05:54,826 [Worker-39: Building] INFO  o.a.m.s.f.DefaultMavenResourcesFiltering - skip non existing resourceDirectory E:\Git\ShopmeEcommerce\ShopmeProject\ShopmeWebParent\src\test\resources
2023-08-20 17:09:15,304 [Worker-43: Building] INFO  o.e.m.c.i.l.LifecycleMappingFactory - Using NULL lifecycle mapping for MavenProject: com.shopme:ShopmeWebParent:0.0.1-SNAPSHOT @ E:\Git\ShopmeEcommerce\ShopmeProject\ShopmeWebParent\pom.xml.
2023-08-20 17:09:15,905 [Worker-40: Updating Maven Project] INFO  o.e.m.c.i.p.ProjectConfigurationManager - Update started
2023-08-20 17:09:16,413 [Worker-40: Updating Maven Project] INFO  o.e.m.c.i.l.LifecycleMappingFactory - Using NULL lifecycle mapping for MavenProject: com.shopme:ShopmeWebParent:0.0.1-SNAPSHOT @ E:\Git\ShopmeEcommerce\ShopmeProject\ShopmeWebParent\pom.xml.
2023-08-20 17:09:17,361 [Worker-40: Updating Maven Project] INFO  o.e.m.c.i.p.ProjectConfigurationManager - Update completed for 1 poms: local refresh takes 0.00 sec, refresh facades takes 1.00 sec, update config takes 0.00 sec 
2023-08-20 17:14:37,984 [Worker-45: Updating Maven Project] INFO  o.e.m.c.i.p.ProjectConfigurationManager - Update started
2023-08-20 17:14:38,120 [Worker-45: Updating Maven Project] INFO  o.e.m.c.i.l.LifecycleMappingFactory - Using NULL lifecycle mapping for MavenProject: com.shopme:ShopmeWebParent:0.0.1-SNAPSHOT @ E:\Git\ShopmeEcommerce\ShopmeProject\ShopmeWebParent\pom.xml.
2023-08-20 17:14:38,357 [Worker-45: Updating Maven Project] INFO  o.e.m.c.i.p.ProjectConfigurationManager - Update completed for 1 poms: local refresh takes 0.00 sec, refresh facades takes 0.00 sec, update config takes 0.00 sec 
2023-08-20 17:17:38,291 [Worker-39: Import Getting Started Content] INFO  o.e.m.c.i.l.LifecycleMappingFactory - Using org.eclipse.m2e.jdt.JarLifecycleMapping lifecycle mapping for MavenProject: com.shopme:ShopmeBackEnd:0.0.1-SNAPSHOT @ E:\Git\ShopmeEcommerce\ShopmeProject\ShopmeWebParent\ShopmeBackEnd\pom.xml.
2023-08-20 17:17:38,710 [Worker-39: Import Getting Started Content] INFO  o.e.m.j.i.AbstractJavaProjectConfigurator - Adding source folder /ShopmeBackEnd/src/main/java
2023-08-20 17:17:38,710 [Worker-39: Import Getting Started Content] INFO  o.e.m.j.i.AbstractJavaProjectConfigurator - Adding resource folder /ShopmeBackEnd/src/main/resources
2023-08-20 17:17:38,716 [Worker-39: Import Getting Started Content] INFO  o.e.m.j.i.AbstractJavaProjectConfigurator - Adding resource folder /ShopmeBackEnd/src/main/resources
2023-08-20 17:17:38,722 [Worker-39: Import Getting Started Content] INFO  o.e.m.j.i.AbstractJavaProjectConfigurator - Adding source folder /ShopmeBackEnd/src/test/java
2023-08-20 17:17:39,171 [Worker-39: Import Getting Started Content] INFO  o.e.m.c.i.p.ProjectConfigurationManager - Imported and configured 1 project(s) in 1 sec
2023-08-20 17:17:39,172 [Worker-39: Import Getting Started Content] INFO  o.e.m.c.i.p.ProjectConfigurationManager - Update started
2023-08-20 17:17:39,489 [Worker-39: Import Getting Started Content] INFO  o.e.m.c.i.l.LifecycleMappingFactory - Using org.eclipse.m2e.jdt.JarLifecycleMapping lifecycle mapping for MavenProject: com.shopme:ShopmeBackEnd:0.0.1-SNAPSHOT @ E:\Git\ShopmeEcommerce\ShopmeProject\ShopmeWebParent\ShopmeBackEnd\pom.xml.
2023-08-20 17:17:39,906 [Worker-39: Import Getting Started Content] INFO  o.e.m.j.i.AbstractJavaProjectConfigurator - Adding source folder /ShopmeBackEnd/src/main/java
2023-08-20 17:17:39,907 [Worker-39: Import Getting Started Content] INFO  o.e.m.j.i.AbstractJavaProjectConfigurator - Adding resource folder /ShopmeBackEnd/src/main/resources
2023-08-20 17:17:39,907 [Worker-39: Import Getting Started Content] INFO  o.e.m.j.i.AbstractJavaProjectConfigurator - Adding resource folder /ShopmeBackEnd/src/main/resources
2023-08-20 17:17:39,908 [Worker-39: Import Getting Started Content] INFO  o.e.m.j.i.AbstractJavaProjectConfigurator - Adding source folder /ShopmeBackEnd/src/test/java
2023-08-20 17:17:40,306 [Worker-39: Import Getting Started Content] INFO  o.e.m.c.i.p.ProjectConfigurationManager - Update completed for 1 poms: local refresh takes 0.00 sec, refresh facades takes 0.00 sec, update config takes 0.00 sec 
2023-08-20 17:18:53,807 [Worker-49: Building] INFO  o.e.m.c.i.l.LifecycleMappingFactory - Using NULL lifecycle mapping for MavenProject: com.shopme:ShopmeWebParent:0.0.1-SNAPSHOT @ E:\Git\ShopmeEcommerce\ShopmeProject\ShopmeWebParent\pom.xml.
2023-08-20 17:20:42,307 [Worker-54: Building] INFO  o.e.m.c.i.l.LifecycleMappingFactory - Using NULL lifecycle mapping for MavenProject: com.shopme:ShopmeWebParent:0.0.1-SNAPSHOT @ E:\Git\ShopmeEcommerce\ShopmeProject\ShopmeWebParent\pom.xml.
2023-08-20 17:28:42,337 [Worker-54: Building] INFO  o.e.m.c.i.l.LifecycleMappingFactory - Using org.eclipse.m2e.jdt.JarLifecycleMapping lifecycle mapping for MavenProject: com.shopme:ShopmeBackEnd:0.0.1-SNAPSHOT @ E:\Git\ShopmeEcommerce\ShopmeProject\ShopmeWebParent\ShopmeBackEnd\pom.xml.
2023-08-20 17:28:46,021 [Worker-54: Building] INFO  o.a.m.s.f.DefaultMavenResourcesFiltering - Copying 0 resource from src\main\resources to target\classes
2023-08-20 17:28:46,022 [Worker-54: Building] INFO  o.a.m.s.f.DefaultMavenResourcesFiltering - Copying 0 resource from src\main\resources to target\classes
2023-08-20 17:28:46,025 [Worker-54: Building] INFO  o.a.m.s.f.DefaultMavenResourcesFiltering - skip non existing resourceDirectory E:\Git\ShopmeEcommerce\ShopmeProject\ShopmeWebParent\ShopmeBackEnd\src\test\resources
2023-08-20 17:28:47,536 [Worker-54: Building] INFO  o.a.m.s.f.DefaultMavenResourcesFiltering - Copying 1 resource from src\main\resources to target\classes
2023-08-20 17:28:47,556 [Worker-54: Building] INFO  o.a.m.s.f.DefaultMavenResourcesFiltering - Copying 0 resource from src\main\resources to target\classes
2023-08-20 17:28:47,560 [Worker-54: Building] INFO  o.a.m.s.f.DefaultMavenResourcesFiltering - skip non existing resourceDirectory E:\Git\ShopmeEcommerce\ShopmeProject\ShopmeWebParent\ShopmeBackEnd\src\test\resources
2023-08-20 17:29:36,556 [Worker-49: Building] INFO  o.a.m.s.f.DefaultMavenResourcesFiltering - Copying 0 resource from src\main\resources to target\classes
2023-08-20 17:29:36,556 [Worker-49: Building] INFO  o.a.m.s.f.DefaultMavenResourcesFiltering - Copying 0 resource from src\main\resources to target\classes
2023-08-20 17:29:36,560 [Worker-49: Building] INFO  o.a.m.s.f.DefaultMavenResourcesFiltering - skip non existing resourceDirectory E:\Git\ShopmeEcommerce\ShopmeProject\ShopmeWebParent\ShopmeBackEnd\src\test\resources
2023-08-20 17:32:47,909 [Worker-47: Building] INFO  o.e.m.c.i.l.LifecycleMappingFactory - Using NULL lifecycle mapping for MavenProject: com.shopme:ShopmeWebParent:0.0.1-SNAPSHOT @ E:\Git\ShopmeEcommerce\ShopmeProject\ShopmeWebParent\pom.xml.
2023-08-20 17:32:48,480 [Worker-47: Building] INFO  o.e.m.c.i.l.LifecycleMappingFactory - Using org.eclipse.m2e.jdt.JarLifecycleMapping lifecycle mapping for MavenProject: com.shopme:ShopmeBackEnd:0.0.1-SNAPSHOT @ E:\Git\ShopmeEcommerce\ShopmeProject\ShopmeWebParent\ShopmeBackEnd\pom.xml.
2023-08-20 17:32:49,916 [Worker-48: Download sources and javadoc] INFO  o.e.m.c.i.e.AbstractTransferListenerAdapter - Downloading https://repo.maven.apache.org/maven2/org/springframework/boot/spring-boot-starter-thymeleaf/3.1.2/spring-boot-starter-thymeleaf-3.1.2-sources.jar
2023-08-20 17:32:50,029 [Worker-48: Download sources and javadoc] INFO  o.e.m.c.i.e.AbstractTransferListenerAdapter - Downloaded https://repo.maven.apache.org/maven2/org/springframework/boot/spring-boot-starter-thymeleaf/3.1.2/spring-boot-starter-thymeleaf-3.1.2-sources.jar
2023-08-20 17:32:50,035 [Worker-48: Download sources and javadoc] INFO  o.e.m.j.internal.DownloadSourcesJob - Downloaded sources for org.springframework.boot:spring-boot-starter-thymeleaf:3.1.2
2023-08-20 17:32:50,062 [Worker-48: Download sources and javadoc] INFO  o.e.m.j.internal.DownloadSourcesJob - Downloaded sources for org.springframework.boot:spring-boot-starter-thymeleaf:3.1.2
2023-08-20 17:32:50,834 [Worker-47: Building] INFO  o.a.m.s.f.DefaultMavenResourcesFiltering - Copying 1 resource from src\main\resources to target\classes
2023-08-20 17:32:50,857 [Worker-47: Building] INFO  o.a.m.s.f.DefaultMavenResourcesFiltering - Copying 0 resource from src\main\resources to target\classes
2023-08-20 17:32:50,862 [Worker-47: Building] INFO  o.a.m.s.f.DefaultMavenResourcesFiltering - skip non existing resourceDirectory E:\Git\ShopmeEcommerce\ShopmeProject\ShopmeWebParent\ShopmeBackEnd\src\test\resources
2023-08-20 17:34:30,416 [Worker-47: Building] INFO  o.a.m.s.f.DefaultMavenResourcesFiltering - Copying 1 resource from src\main\resources to target\classes
2023-08-20 17:34:30,425 [Worker-47: Building] INFO  o.a.m.s.f.DefaultMavenResourcesFiltering - Copying 0 resource from src\main\resources to target\classes
2023-08-20 17:34:30,429 [Worker-47: Building] INFO  o.a.m.s.f.DefaultMavenResourcesFiltering - skip non existing resourceDirectory E:\Git\ShopmeEcommerce\ShopmeProject\ShopmeWebParent\ShopmeBackEnd\src\test\resources
2023-08-20 17:35:24,008 [Worker-54: Building] INFO  o.a.m.s.f.DefaultMavenResourcesFiltering - Copying 1 resource from src\main\resources to target\classes
2023-08-20 17:35:24,018 [Worker-54: Building] INFO  o.a.m.s.f.DefaultMavenResourcesFiltering - Copying 0 resource from src\main\resources to target\classes
2023-08-20 17:35:24,024 [Worker-54: Building] INFO  o.a.m.s.f.DefaultMavenResourcesFiltering - skip non existing resourceDirectory E:\Git\ShopmeEcommerce\ShopmeProject\ShopmeWebParent\ShopmeBackEnd\src\test\resources
2023-08-20 17:35:48,673 [Worker-55: Building] INFO  o.a.m.s.f.DefaultMavenResourcesFiltering - Copying 1 resource from src\main\resources to target\classes
2023-08-20 17:35:48,682 [Worker-55: Building] INFO  o.a.m.s.f.DefaultMavenResourcesFiltering - Copying 0 resource from src\main\resources to target\classes
2023-08-20 17:35:48,686 [Worker-55: Building] INFO  o.a.m.s.f.DefaultMavenResourcesFiltering - skip non existing resourceDirectory E:\Git\ShopmeEcommerce\ShopmeProject\ShopmeWebParent\ShopmeBackEnd\src\test\resources
2023-08-20 17:42:47,510 [Worker-49: Building] INFO  o.a.m.s.f.DefaultMavenResourcesFiltering - Copying 0 resource from src\main\resources to target\classes
2023-08-20 17:42:47,510 [Worker-49: Building] INFO  o.a.m.s.f.DefaultMavenResourcesFiltering - Copying 0 resource from src\main\resources to target\classes
2023-08-20 17:42:47,515 [Worker-49: Building] INFO  o.a.m.s.f.DefaultMavenResourcesFiltering - skip non existing resourceDirectory E:\Git\ShopmeEcommerce\ShopmeProject\ShopmeWebParent\ShopmeBackEnd\src\test\resources
2023-08-20 17:51:06,407 [Worker-61: Building] INFO  o.e.m.c.i.l.LifecycleMappingFactory - Using NULL lifecycle mapping for MavenProject: com.shopme:ShopmeWebParent:0.0.1-SNAPSHOT @ E:\Git\ShopmeEcommerce\ShopmeProject\ShopmeWebParent\pom.xml.
2023-08-20 17:51:06,635 [Worker-61: Building] INFO  o.e.m.c.i.l.LifecycleMappingFactory - Using org.eclipse.m2e.jdt.JarLifecycleMapping lifecycle mapping for MavenProject: com.shopme:ShopmeBackEnd:0.0.1-SNAPSHOT @ E:\Git\ShopmeEcommerce\ShopmeProject\ShopmeWebParent\ShopmeBackEnd\pom.xml.
2023-08-20 17:51:08,534 [Worker-61: Building] INFO  o.a.m.s.f.DefaultMavenResourcesFiltering - Copying 1 resource from src\main\resources to target\classes
2023-08-20 17:51:08,557 [Worker-61: Building] INFO  o.a.m.s.f.DefaultMavenResourcesFiltering - Copying 0 resource from src\main\resources to target\classes
2023-08-20 17:51:08,562 [Worker-61: Building] INFO  o.a.m.s.f.DefaultMavenResourcesFiltering - skip non existing resourceDirectory E:\Git\ShopmeEcommerce\ShopmeProject\ShopmeWebParent\ShopmeBackEnd\src\test\resources
2023-08-20 17:53:00,813 [Worker-59: Building] INFO  o.a.m.s.f.DefaultMavenResourcesFiltering - Copying 1 resource from src\main\resources to target\classes
2023-08-20 17:53:00,823 [Worker-59: Building] INFO  o.a.m.s.f.DefaultMavenResourcesFiltering - Copying 0 resource from src\main\resources to target\classes
2023-08-20 17:53:00,827 [Worker-59: Building] INFO  o.a.m.s.f.DefaultMavenResourcesFiltering - skip non existing resourceDirectory E:\Git\ShopmeEcommerce\ShopmeProject\ShopmeWebParent\ShopmeBackEnd\src\test\resources
2023-08-20 17:53:42,214 [Worker-2: Loading available Gradle versions] INFO  o.e.b.c.i.u.g.PublishedGradleVersions - Gradle version information cache is up-to-date. Trying to read.
2023-08-20 18:01:18,103 [Worker-1: Loading available Gradle versions] INFO  o.e.b.c.i.u.g.PublishedGradleVersions - Gradle version information cache is up-to-date. Trying to read.
